  MainProyectoFinal.cpp
E:\MyStuff\Mio\CarreraUwU\Semestre2022-2\Compu Grafica\LAB\ProyectoFinal\315132104_ProyectoFinal_GPO09\ProyectoFinal\ProyectoFinal\MainProyectoFinal.cpp(253,24): warning C4244: 'inicializando': conversión de 'double' a 'GLfloat'; posible pérdida de datos
E:\MyStuff\Mio\CarreraUwU\Semestre2022-2\Compu Grafica\LAB\ProyectoFinal\315132104_ProyectoFinal_GPO09\ProyectoFinal\ProyectoFinal\MainProyectoFinal.cpp(291,21): warning C4244: '=': conversión de 'double' a 'T'; posible pérdida de datos
          with
          [
              T=float
          ]
E:\MyStuff\Mio\CarreraUwU\Semestre2022-2\Compu Grafica\LAB\ProyectoFinal\315132104_ProyectoFinal_GPO09\ProyectoFinal\ProyectoFinal\MainProyectoFinal.cpp(292,21): warning C4244: '=': conversión de 'double' a 'T'; posible pérdida de datos
          with
          [
              T=float
          ]
E:\MyStuff\Mio\CarreraUwU\Semestre2022-2\Compu Grafica\LAB\ProyectoFinal\315132104_ProyectoFinal_GPO09\ProyectoFinal\ProyectoFinal\MainProyectoFinal.cpp(293,21): warning C4244: '=': conversión de 'double' a 'T'; posible pérdida de datos
          with
          [
              T=float
          ]
E:\MyStuff\Mio\CarreraUwU\Semestre2022-2\Compu Grafica\LAB\ProyectoFinal\315132104_ProyectoFinal_GPO09\ProyectoFinal\ProyectoFinal\MainProyectoFinal.cpp(297,22): warning C4244: '=': conversión de 'double' a 'T'; posible pérdida de datos
          with
          [
              T=float
          ]
E:\MyStuff\Mio\CarreraUwU\Semestre2022-2\Compu Grafica\LAB\ProyectoFinal\315132104_ProyectoFinal_GPO09\ProyectoFinal\ProyectoFinal\MainProyectoFinal.cpp(298,22): warning C4244: '=': conversión de 'double' a 'T'; posible pérdida de datos
          with
          [
              T=float
          ]
E:\MyStuff\Mio\CarreraUwU\Semestre2022-2\Compu Grafica\LAB\ProyectoFinal\315132104_ProyectoFinal_GPO09\ProyectoFinal\ProyectoFinal\MainProyectoFinal.cpp(299,22): warning C4244: '=': conversión de 'double' a 'T'; posible pérdida de datos
          with
          [
              T=float
          ]
E:\MyStuff\Mio\CarreraUwU\Semestre2022-2\Compu Grafica\LAB\ProyectoFinal\315132104_ProyectoFinal_GPO09\ProyectoFinal\ProyectoFinal\MainProyectoFinal.cpp(303,22): warning C4244: '=': conversión de 'double' a 'T'; posible pérdida de datos
          with
          [
              T=float
          ]
E:\MyStuff\Mio\CarreraUwU\Semestre2022-2\Compu Grafica\LAB\ProyectoFinal\315132104_ProyectoFinal_GPO09\ProyectoFinal\ProyectoFinal\MainProyectoFinal.cpp(304,22): warning C4244: '=': conversión de 'double' a 'T'; posible pérdida de datos
          with
          [
              T=float
          ]
E:\MyStuff\Mio\CarreraUwU\Semestre2022-2\Compu Grafica\LAB\ProyectoFinal\315132104_ProyectoFinal_GPO09\ProyectoFinal\ProyectoFinal\MainProyectoFinal.cpp(305,22): warning C4244: '=': conversión de 'double' a 'T'; posible pérdida de datos
          with
          [
              T=float
          ]
E:\MyStuff\Mio\CarreraUwU\Semestre2022-2\Compu Grafica\LAB\ProyectoFinal\315132104_ProyectoFinal_GPO09\ProyectoFinal\ProyectoFinal\MainProyectoFinal.cpp(309,22): warning C4244: '=': conversión de 'double' a 'T'; posible pérdida de datos
          with
          [
              T=float
          ]
E:\MyStuff\Mio\CarreraUwU\Semestre2022-2\Compu Grafica\LAB\ProyectoFinal\315132104_ProyectoFinal_GPO09\ProyectoFinal\ProyectoFinal\MainProyectoFinal.cpp(310,22): warning C4244: '=': conversión de 'double' a 'T'; posible pérdida de datos
          with
          [
              T=float
          ]
E:\MyStuff\Mio\CarreraUwU\Semestre2022-2\Compu Grafica\LAB\ProyectoFinal\315132104_ProyectoFinal_GPO09\ProyectoFinal\ProyectoFinal\MainProyectoFinal.cpp(311,22): warning C4244: '=': conversión de 'double' a 'T'; posible pérdida de datos
          with
          [
              T=float
          ]
E:\MyStuff\Mio\CarreraUwU\Semestre2022-2\Compu Grafica\LAB\ProyectoFinal\315132104_ProyectoFinal_GPO09\ProyectoFinal\ProyectoFinal\MainProyectoFinal.cpp(948,11): warning C4244: '=': conversión de 'double' a 'GLfloat'; posible pérdida de datos
E:\MyStuff\Mio\CarreraUwU\Semestre2022-2\Compu Grafica\LAB\ProyectoFinal\315132104_ProyectoFinal_GPO09\ProyectoFinal\ProyectoFinal\MainProyectoFinal.cpp(949,11): warning C4244: '=': conversión de 'double' a 'GLfloat'; posible pérdida de datos
E:\MyStuff\Mio\CarreraUwU\Semestre2022-2\Compu Grafica\LAB\ProyectoFinal\315132104_ProyectoFinal_GPO09\ProyectoFinal\ProyectoFinal\MainProyectoFinal.cpp(953,18): warning C4244: 'inicializando': conversión de 'double' a 'GLfloat'; posible pérdida de datos
E:\MyStuff\Mio\CarreraUwU\Semestre2022-2\Compu Grafica\LAB\ProyectoFinal\315132104_ProyectoFinal_GPO09\ProyectoFinal\ProyectoFinal\MainProyectoFinal.cpp(954,18): warning C4244: 'inicializando': conversión de 'double' a 'GLfloat'; posible pérdida de datos
E:\MyStuff\Mio\CarreraUwU\Semestre2022-2\Compu Grafica\LAB\ProyectoFinal\315132104_ProyectoFinal_GPO09\ProyectoFinal\ProyectoFinal\MainProyectoFinal.cpp(956,10): warning C4244: '=': conversión de 'double' a 'GLfloat'; posible pérdida de datos
E:\MyStuff\Mio\CarreraUwU\Semestre2022-2\Compu Grafica\LAB\ProyectoFinal\315132104_ProyectoFinal_GPO09\ProyectoFinal\ProyectoFinal\MainProyectoFinal.cpp(957,10): warning C4244: '=': conversión de 'double' a 'GLfloat'; posible pérdida de datos
soil2-debug.lib(SOIL2.obj) : warning LNK4075: se omite '/EDITANDCONTINUE' debido a la especificación '/OPT:ICF'
LINK : warning LNK4098: la biblioteca predeterminada'MSVCRTD' entra en conflicto con otras bibliotecas; use la biblioteca /NODEFAULTLIB:biblioteca
  Generando código
  2 of 642 functions ( 0.3%) were compiled, the rest were copied from previous compilation.
    0 functions were new in current compilation
    0 functions had inline decision re-evaluated but remain unchanged
  Generación de código finalizada
soil2-debug.lib(etc1_utils.obj) : warning LNK4099: no se encontró PDB '' con 'soil2-debug.lib(etc1_utils.obj)' o en ''; se vinculará el objeto sin tener en cuenta información de depuración
soil2-debug.lib(image_DXT.obj) : warning LNK4099: no se encontró PDB 'soil2-debug.pdb' con 'soil2-debug.lib(image_DXT.obj)' o en 'E:\MyStuff\Mio\CarreraUwU\Semestre2022-2\Compu Grafica\LAB\ProyectoFinal\315132104_ProyectoFinal_GPO09\ProyectoFinal\Release\soil2-debug.pdb'; se vinculará el objeto sin tener en cuenta información de depuración
soil2-debug.lib(image_helper.obj) : warning LNK4099: no se encontró PDB '' con 'soil2-debug.lib(image_helper.obj)' o en ''; se vinculará el objeto sin tener en cuenta información de depuración
soil2-debug.lib(SOIL2.obj) : warning LNK4099: no se encontró PDB 'soil2-debug.pdb' con 'soil2-debug.lib(SOIL2.obj)' o en 'E:\MyStuff\Mio\CarreraUwU\Semestre2022-2\Compu Grafica\LAB\ProyectoFinal\315132104_ProyectoFinal_GPO09\ProyectoFinal\Release\soil2-debug.pdb'; se vinculará el objeto sin tener en cuenta información de depuración
  ProyectoFinal.vcxproj -> E:\MyStuff\Mio\CarreraUwU\Semestre2022-2\Compu Grafica\LAB\ProyectoFinal\315132104_ProyectoFinal_GPO09\ProyectoFinal\Release\ProyectoFinal.exe
