  MainProyectoFinal.cpp
C:\Users\Juan\Desktop\REPOSITORIO_GRAFICA\315132104_ProyectoFinal_GPO09\ProyectoFinal\ProyectoFinal\MainProyectoFinal.cpp(220,24): warning C4244: 'inicializando': conversión de 'double' a 'GLfloat'; posible pérdida de datos
C:\Users\Juan\Desktop\REPOSITORIO_GRAFICA\315132104_ProyectoFinal_GPO09\ProyectoFinal\ProyectoFinal\MainProyectoFinal.cpp(256,21): warning C4244: '=': conversión de 'double' a 'T'; posible pérdida de datos
          with
          [
              T=float
          ]
C:\Users\Juan\Desktop\REPOSITORIO_GRAFICA\315132104_ProyectoFinal_GPO09\ProyectoFinal\ProyectoFinal\MainProyectoFinal.cpp(257,21): warning C4244: '=': conversión de 'double' a 'T'; posible pérdida de datos
          with
          [
              T=float
          ]
C:\Users\Juan\Desktop\REPOSITORIO_GRAFICA\315132104_ProyectoFinal_GPO09\ProyectoFinal\ProyectoFinal\MainProyectoFinal.cpp(258,21): warning C4244: '=': conversión de 'double' a 'T'; posible pérdida de datos
          with
          [
              T=float
          ]
C:\Users\Juan\Desktop\REPOSITORIO_GRAFICA\315132104_ProyectoFinal_GPO09\ProyectoFinal\ProyectoFinal\MainProyectoFinal.cpp(262,22): warning C4244: '=': conversión de 'double' a 'T'; posible pérdida de datos
          with
          [
              T=float
          ]
C:\Users\Juan\Desktop\REPOSITORIO_GRAFICA\315132104_ProyectoFinal_GPO09\ProyectoFinal\ProyectoFinal\MainProyectoFinal.cpp(263,22): warning C4244: '=': conversión de 'double' a 'T'; posible pérdida de datos
          with
          [
              T=float
          ]
C:\Users\Juan\Desktop\REPOSITORIO_GRAFICA\315132104_ProyectoFinal_GPO09\ProyectoFinal\ProyectoFinal\MainProyectoFinal.cpp(264,22): warning C4244: '=': conversión de 'double' a 'T'; posible pérdida de datos
          with
          [
              T=float
          ]
C:\Users\Juan\Desktop\REPOSITORIO_GRAFICA\315132104_ProyectoFinal_GPO09\ProyectoFinal\ProyectoFinal\MainProyectoFinal.cpp(268,22): warning C4244: '=': conversión de 'double' a 'T'; posible pérdida de datos
          with
          [
              T=float
          ]
C:\Users\Juan\Desktop\REPOSITORIO_GRAFICA\315132104_ProyectoFinal_GPO09\ProyectoFinal\ProyectoFinal\MainProyectoFinal.cpp(269,22): warning C4244: '=': conversión de 'double' a 'T'; posible pérdida de datos
          with
          [
              T=float
          ]
C:\Users\Juan\Desktop\REPOSITORIO_GRAFICA\315132104_ProyectoFinal_GPO09\ProyectoFinal\ProyectoFinal\MainProyectoFinal.cpp(270,22): warning C4244: '=': conversión de 'double' a 'T'; posible pérdida de datos
          with
          [
              T=float
          ]
C:\Users\Juan\Desktop\REPOSITORIO_GRAFICA\315132104_ProyectoFinal_GPO09\ProyectoFinal\ProyectoFinal\MainProyectoFinal.cpp(274,22): warning C4244: '=': conversión de 'double' a 'T'; posible pérdida de datos
          with
          [
              T=float
          ]
C:\Users\Juan\Desktop\REPOSITORIO_GRAFICA\315132104_ProyectoFinal_GPO09\ProyectoFinal\ProyectoFinal\MainProyectoFinal.cpp(275,22): warning C4244: '=': conversión de 'double' a 'T'; posible pérdida de datos
          with
          [
              T=float
          ]
C:\Users\Juan\Desktop\REPOSITORIO_GRAFICA\315132104_ProyectoFinal_GPO09\ProyectoFinal\ProyectoFinal\MainProyectoFinal.cpp(276,22): warning C4244: '=': conversión de 'double' a 'T'; posible pérdida de datos
          with
          [
              T=float
          ]
C:\Users\Juan\Desktop\REPOSITORIO_GRAFICA\315132104_ProyectoFinal_GPO09\ProyectoFinal\ProyectoFinal\MainProyectoFinal.cpp(716,11): warning C4244: '=': conversión de 'double' a 'GLfloat'; posible pérdida de datos
C:\Users\Juan\Desktop\REPOSITORIO_GRAFICA\315132104_ProyectoFinal_GPO09\ProyectoFinal\ProyectoFinal\MainProyectoFinal.cpp(717,11): warning C4244: '=': conversión de 'double' a 'GLfloat'; posible pérdida de datos
C:\Users\Juan\Desktop\REPOSITORIO_GRAFICA\315132104_ProyectoFinal_GPO09\ProyectoFinal\ProyectoFinal\MainProyectoFinal.cpp(721,18): warning C4244: 'inicializando': conversión de 'double' a 'GLfloat'; posible pérdida de datos
C:\Users\Juan\Desktop\REPOSITORIO_GRAFICA\315132104_ProyectoFinal_GPO09\ProyectoFinal\ProyectoFinal\MainProyectoFinal.cpp(722,18): warning C4244: 'inicializando': conversión de 'double' a 'GLfloat'; posible pérdida de datos
C:\Users\Juan\Desktop\REPOSITORIO_GRAFICA\315132104_ProyectoFinal_GPO09\ProyectoFinal\ProyectoFinal\MainProyectoFinal.cpp(724,10): warning C4244: '=': conversión de 'double' a 'GLfloat'; posible pérdida de datos
C:\Users\Juan\Desktop\REPOSITORIO_GRAFICA\315132104_ProyectoFinal_GPO09\ProyectoFinal\ProyectoFinal\MainProyectoFinal.cpp(725,10): warning C4244: '=': conversión de 'double' a 'GLfloat'; posible pérdida de datos
  ProyectoFinal.vcxproj -> C:\Users\Juan\Desktop\REPOSITORIO_GRAFICA\315132104_ProyectoFinal_GPO09\ProyectoFinal\Debug\ProyectoFinal.exe
